  Compiling CUDA source file kernel.cu...
  
  D:\Facultate\Master\Sem 2\AI\Proiect\cuda-edge-detection\CUDA_Edge_Detection>"C:\Program Files\NVIDIA GPU Computing Toolkit\CUDA\v11.6\bin\nvcc.exe" -gencode=arch=compute_52,code=\"sm_52,compute_52\" --use-local-env -ccbin "C:\Program Files\Microsoft Visual Studio\2022\Community\VC\Tools\MSVC\14.35.32215\bin\HostX64\x64" -x cu   -I"C:\Program Files\NVIDIA GPU Computing Toolkit\CUDA\v11.6\include" -I"C:\Users\Catalin\vcpkg\installed\x64-windows\include" -I"C:\Program Files\NVIDIA GPU Computing Toolkit\CUDA\v11.6\include"     --keep-dir x64\Release  -maxrregcount=0  --machine 64 --compile -cudart static    -DWIN32 -DWIN64 -DNDEBUG -D_CONSOLE -D_MBCS -Xcompiler "/EHsc /W3 /nologo /O2 /Fdx64\Release\vc143.pdb /FS   /MD " -o "D:\Facultate\Master\Sem 2\AI\Proiect\cuda-edge-detection\CUDA_Edge_Detection\x64\Release\kernel.cu.obj" "D:\Facultate\Master\Sem 2\AI\Proiect\cuda-edge-detection\CUDA_Edge_Detection\kernel.cu" 
D:\Facultate\Master\Sem 2\AI\Proiect\cuda-edge-detection\CUDA_Edge_Detection\kernel.cu(73): warning #546-D: transfer of control bypasses initialization of:
              variable "edges_cuda"
  (129): here
  
D:\Facultate\Master\Sem 2\AI\Proiect\cuda-edge-detection\CUDA_Edge_Detection\kernel.cu(83): warning #546-D: transfer of control bypasses initialization of:
              variable "edges_cuda"
  (129): here
  
D:\Facultate\Master\Sem 2\AI\Proiect\cuda-edge-detection\CUDA_Edge_Detection\kernel.cu(89): warning #546-D: transfer of control bypasses initialization of:
              variable "edges_cuda"
  (129): here
  
D:\Facultate\Master\Sem 2\AI\Proiect\cuda-edge-detection\CUDA_Edge_Detection\kernel.cu(96): warning #546-D: transfer of control bypasses initialization of:
              variable "edges_cuda"
  (129): here
  
D:\Facultate\Master\Sem 2\AI\Proiect\cuda-edge-detection\CUDA_Edge_Detection\kernel.cu(108): warning #546-D: transfer of control bypasses initialization of:
              variable "edges_cuda"
  (129): here
  
D:\Facultate\Master\Sem 2\AI\Proiect\cuda-edge-detection\CUDA_Edge_Detection\kernel.cu(117): warning #546-D: transfer of control bypasses initialization of:
              variable "edges_cuda"
  (129): here
  
D:\Facultate\Master\Sem 2\AI\Proiect\cuda-edge-detection\CUDA_Edge_Detection\kernel.cu(125): warning #546-D: transfer of control bypasses initialization of:
              variable "edges_cuda"
  (129): here
  
D:\Facultate\Master\Sem 2\AI\Proiect\cuda-edge-detection\CUDA_Edge_Detection\kernel.cu(73): warning #546-D: transfer of control bypasses initialization of:
              variable "edges_cuda"
  (129): here
  
D:\Facultate\Master\Sem 2\AI\Proiect\cuda-edge-detection\CUDA_Edge_Detection\kernel.cu(83): warning #546-D: transfer of control bypasses initialization of:
              variable "edges_cuda"
  (129): here
  
D:\Facultate\Master\Sem 2\AI\Proiect\cuda-edge-detection\CUDA_Edge_Detection\kernel.cu(89): warning #546-D: transfer of control bypasses initialization of:
              variable "edges_cuda"
  (129): here
  
D:\Facultate\Master\Sem 2\AI\Proiect\cuda-edge-detection\CUDA_Edge_Detection\kernel.cu(96): warning #546-D: transfer of control bypasses initialization of:
              variable "edges_cuda"
  (129): here
  
D:\Facultate\Master\Sem 2\AI\Proiect\cuda-edge-detection\CUDA_Edge_Detection\kernel.cu(108): warning #546-D: transfer of control bypasses initialization of:
              variable "edges_cuda"
  (129): here
  
D:\Facultate\Master\Sem 2\AI\Proiect\cuda-edge-detection\CUDA_Edge_Detection\kernel.cu(117): warning #546-D: transfer of control bypasses initialization of:
              variable "edges_cuda"
  (129): here
  
D:\Facultate\Master\Sem 2\AI\Proiect\cuda-edge-detection\CUDA_Edge_Detection\kernel.cu(125): warning #546-D: transfer of control bypasses initialization of:
              variable "edges_cuda"
  (129): here
  
  kernel.cu
D:\Facultate\Master\Sem 2\AI\Proiect\cuda-edge-detection\CUDA_Edge_Detection\kernel.cu(129): error C2362: initialization of 'edges_cuda' is skipped by 'goto Error'
  D:\Facultate\Master\Sem 2\AI\Proiect\cuda-edge-detection\CUDA_Edge_Detection\kernel.cu(147): note: see declaration of 'Error'
C:\Program Files\Microsoft Visual Studio\2022\Community\MSBuild\Microsoft\VC\v170\BuildCustomizations\CUDA 11.6.targets(790,9): error MSB3721: The command ""C:\Program Files\NVIDIA GPU Computing Toolkit\CUDA\v11.6\bin\nvcc.exe" -gencode=arch=compute_52,code=\"sm_52,compute_52\" --use-local-env -ccbin "C:\Program Files\Microsoft Visual Studio\2022\Community\VC\Tools\MSVC\14.35.32215\bin\HostX64\x64" -x cu   -I"C:\Program Files\NVIDIA GPU Computing Toolkit\CUDA\v11.6\include" -I"C:\Users\Catalin\vcpkg\installed\x64-windows\include" -I"C:\Program Files\NVIDIA GPU Computing Toolkit\CUDA\v11.6\include"     --keep-dir x64\Release  -maxrregcount=0  --machine 64 --compile -cudart static    -DWIN32 -DWIN64 -DNDEBUG -D_CONSOLE -D_MBCS -Xcompiler "/EHsc /W3 /nologo /O2 /Fdx64\Release\vc143.pdb /FS   /MD " -o "D:\Facultate\Master\Sem 2\AI\Proiect\cuda-edge-detection\CUDA_Edge_Detection\x64\Release\kernel.cu.obj" "D:\Facultate\Master\Sem 2\AI\Proiect\cuda-edge-detection\CUDA_Edge_Detection\kernel.cu"" exited with code 2.
